<?xml version="1.0" encoding="UTF-8"?>
<!-- Generated by org.testng.reporters.JUnitReportReporter -->
<testsuite hostname="DESKTOP-U24PE9R" failures="0" tests="1" name="com.bigbasket.testcases.TC_Bigbasket" time="22.565" errors="0" timestamp="27 Nov 2020 05:43:21 GMT" skipped="0">
  <testcase classname="com.bigbasket.testcases.TC_Bigbasket" name="loginTest" time="22.565"/>
</testsuite> <!-- com.bigbasket.testcases.TC_Bigbasket -->
